<?xml version="1.0" encoding="UTF-8"?>
<!-- Generated by org.testng.reporters.JUnitReportReporter -->
<testsuite hostname="DESKTOP-I2ISUJ1" failures="0" tests="1" name="testingbaba_test.Logintest" time="0.021" errors="0" timestamp="2024-09-07T18:00:17 IST" skipped="0">
  <testcase classname="testingbaba_test.Logintest" name="getTitle_testingbaba" time="0.021"/>
</testsuite> <!-- testingbaba_test.Logintest -->
